<?xml version="1.0" encoding="UTF-8"?>
<!-- Generated by org.testng.reporters.JUnitReportReporter -->
<testsuite hostname="AndroidPC" failures="0" tests="1" name="com.tms.tests.CoursePageTest" time="27.906" errors="0" timestamp="2021-08-02T17:44:15 IST" skipped="0">
  <testcase classname="com.tms.tests.CoursePageTest" name="AddnewCourseFromCoursemodule" time="27.906"/>
  <system-out/>
</testsuite> <!-- com.tms.tests.CoursePageTest -->
