<?xml version="1.0" encoding="UTF-8"?>
<!-- Generated by org.testng.reporters.JUnitReportReporter -->
<testsuite hostname="AndroidPC" failures="0" tests="2" name="com.tms.tests.DashboardPageTest" time="97.847" errors="0" timestamp="2021-07-27T12:13:42 IST" skipped="0">
  <testcase classname="com.tms.tests.DashboardPageTest" name="SubMenutest3" time="47.976"/>
  <system-out/>
  <testcase classname="com.tms.tests.DashboardPageTest" name="SubMenutest4" time="49.871"/>
  <system-out/>
</testsuite> <!-- com.tms.tests.DashboardPageTest -->
