<?xml version="1.0" encoding="UTF-8"?>
<!-- Generated by org.testng.reporters.JUnitReportReporter -->
<testsuite hostname="AndroidPC" failures="0" tests="2" name="com.tms.tests.VenuePageTest" time="56.277" errors="0" timestamp="2021-08-03T17:43:17 IST" skipped="0">
  <testcase classname="com.tms.tests.VenuePageTest" name="AddnewVenueRecordTest" time="27.421"/>
  <system-out/>
  <testcase classname="com.tms.tests.VenuePageTest" name="EditVenueRecordTest" time="28.856"/>
  <system-out/>
</testsuite> <!-- com.tms.tests.VenuePageTest -->
