<?xml version="1.0" encoding="UTF-8"?>
<!-- Generated by org.testng.reporters.JUnitReportReporter -->
<testsuite hostname="AndroidPC" failures="0" tests="2" name="com.tms.tests.WaitingListPageTest" time="58.121" errors="0" timestamp="2021-08-02T19:27:01 IST" skipped="0">
  <testcase classname="com.tms.tests.WaitingListPageTest" name="AddnewWaitingListRecordTest" time="28.066"/>
  <system-out/>
  <testcase classname="com.tms.tests.WaitingListPageTest" name="EditWaitingListRecordTest" time="30.055"/>
  <system-out/>
</testsuite> <!-- com.tms.tests.WaitingListPageTest -->
