<?xml version="1.0" encoding="UTF-8"?>
<!-- Generated by org.testng.reporters.JUnitReportReporter -->
<testsuite hostname="AndroidPC" failures="0" tests="2" name="com.tms.tests.TrainerPageTest" time="81.415" errors="0" timestamp="2021-08-03T18:10:00 IST" skipped="0">
  <testcase classname="com.tms.tests.TrainerPageTest" name="AddnewTrainerRecordTest" time="47.197"/>
  <system-out/>
  <testcase classname="com.tms.tests.TrainerPageTest" name="EditTrainerRecordTest" time="34.218"/>
  <system-out/>
</testsuite> <!-- com.tms.tests.TrainerPageTest -->
