<?xml version="1.0" encoding="UTF-8"?>
<!-- Generated by org.testng.reporters.JUnitReportReporter -->
<testsuite hostname="AndroidPC" failures="0" tests="4" name="com.tms.tests.SortingListPage" time="99.663" errors="0" timestamp="2021-07-26T12:43:19 IST" skipped="0">
  <testcase classname="com.tms.tests.SortingListPage" name="SortingStudentEnrollmentGridList" time="27.780"/>
  <system-out/>
  <testcase classname="com.tms.tests.SortingListPage" name="SortingNRICColumnHeaderGridList" time="24.267"/>
  <system-out/>
  <testcase classname="com.tms.tests.SortingListPage" name="EmailColumnHeadertoSortingGridList" time="23.962"/>
  <system-out/>
  <testcase classname="com.tms.tests.SortingListPage" name="CourseCodeColumnHeadertoSortingGridList" time="23.654"/>
  <system-out/>
</testsuite> <!-- com.tms.tests.SortingListPage -->
