<?xml version="1.0" encoding="UTF-8"?>
<!-- Generated by org.testng.reporters.JUnitReportReporter -->
<testsuite hostname="AndroidPC" failures="0" tests="2" name="com.tms.tests.ManagerPageTest" time="90.641" errors="0" timestamp="2021-08-03T18:10:00 IST" skipped="0">
  <testcase classname="com.tms.tests.ManagerPageTest" name="AddnewManagerRecordTest" time="37.747"/>
  <system-out/>
  <testcase classname="com.tms.tests.ManagerPageTest" name="EditManagerRecordTest" time="52.894"/>
  <system-out/>
</testsuite> <!-- com.tms.tests.ManagerPageTest -->
