<?xml version="1.0" encoding="UTF-8"?>
<!-- Generated by org.testng.reporters.JUnitReportReporter -->
<testsuite hostname="AndroidPC" failures="0" tests="1" name="com.tms.tests.DashboardPageTest" time="17.683" errors="0" timestamp="2021-08-02T16:33:29 IST" skipped="0">
  <testcase classname="com.tms.tests.DashboardPageTest" name="EditButtonListdotsButtonforUpcomingCourseRun" time="17.683"/>
  <system-out/>
</testsuite> <!-- com.tms.tests.DashboardPageTest -->
