<?xml version="1.0" encoding="UTF-8"?>
<!-- Generated by org.testng.reporters.JUnitReportReporter -->
<testsuite hostname="AndroidPC" failures="0" tests="2" name="com.tms.tests.ManagerPageTest" time="57.961" errors="0" timestamp="2021-07-27T12:13:42 IST" skipped="0">
  <testcase classname="com.tms.tests.ManagerPageTest" name="AddnewManagerRecordTest" time="30.466"/>
  <system-out/>
  <testcase classname="com.tms.tests.ManagerPageTest" name="EditManagerRecordTest" time="27.495"/>
  <system-out/>
</testsuite> <!-- com.tms.tests.ManagerPageTest -->
