<?xml version="1.0" encoding="UTF-8"?>
<!-- Generated by org.testng.reporters.JUnitReportReporter -->
<testsuite hostname="AndroidPC" failures="0" tests="4" name="com.tms.tests.SortingListPage" time="97.558" errors="0" timestamp="2021-07-26T18:10:13 IST" skipped="0">
  <testcase classname="com.tms.tests.SortingListPage" name="SortingStudentEnrollmentGridList" time="27.578"/>
  <system-out/>
  <testcase classname="com.tms.tests.SortingListPage" name="SortingNRICColumnHeaderGridList" time="25.317"/>
  <system-out/>
  <testcase classname="com.tms.tests.SortingListPage" name="EmailColumnHeadertoSortingGridList" time="23.623"/>
  <system-out/>
  <testcase classname="com.tms.tests.SortingListPage" name="CourseCodeColumnHeadertoSortingGridList" time="21.040"/>
  <system-out/>
</testsuite> <!-- com.tms.tests.SortingListPage -->
