<?xml version="1.0" encoding="UTF-8"?>
<!-- Generated by org.testng.reporters.JUnitReportReporter -->
<testsuite hostname="AndroidPC" failures="1" tests="4" name="com.tms.tests.DashboardPageTest" time="146.018" errors="0" timestamp="2021-07-28T18:59:08 IST" skipped="0">
  <testcase classname="com.tms.tests.DashboardPageTest" name="ViewButtonListdotsButtonforUpcomingCourseRun" time="24.339"/>
  <system-out/>
  <testcase classname="com.tms.tests.DashboardPageTest" name="StudentlistButtonListdotsButtonforUpcomingCourseRun" time="49.498"/>
  <system-out/>
  <testcase classname="com.tms.tests.DashboardPageTest" name="AttendanceButtonListdotsButtonforUpcomingCourseRun" time="28.367">
    <failure message="expected [Attendance Assessment List - Course Run - TMS] but found [Dashboard - TMS]" type="java.lang.AssertionError">
      <![CDATA[java.lang.AssertionError: expected [Attendance Assessment List - Course Run - TMS] but found [Dashboard - TMS]
at org.testng.Assert.fail(Assert.java:99)
at org.testng.Assert.failNotEquals(Assert.java:1037)
at org.testng.Assert.assertEqualsImpl(Assert.java:140)
at org.testng.Assert.assertEquals(Assert.java:122)
at org.testng.Assert.assertEquals(Assert.java:629)
at org.testng.Assert.assertEquals(Assert.java:639)
at com.tms.tests.DashboardPageTest.AttendanceButtonListdotsButtonforUpcomingCourseRun(DashboardPageTest.java:59)
at java.base/jdk.internal.reflect.NativeMethodAccessorImpl.invoke0(Native Method)
at java.base/jdk.internal.reflect.NativeMethodAccessorImpl.invoke(NativeMethodAccessorImpl.java:62)
at java.base/jdk.internal.reflect.DelegatingMethodAccessorImpl.invoke(DelegatingMethodAccessorImpl.java:43)
at java.base/java.lang.reflect.Method.invoke(Method.java:567)
at org.testng.internal.MethodInvocationHelper.invokeMethod(MethodInvocationHelper.java:132)
at org.testng.internal.TestInvoker.invokeMethod(TestInvoker.java:599)
at org.testng.internal.TestInvoker.invokeTestMethod(TestInvoker.java:174)
at org.testng.internal.TestMethodWithDataProviderMethodWorker.call(TestMethodWithDataProviderMethodWorker.java:77)
at org.testng.internal.TestMethodWithDataProviderMethodWorker.call(TestMethodWithDataProviderMethodWorker.java:15)
at java.base/java.util.concurrent.FutureTask.run(FutureTask.java:264)
at java.base/java.util.concurrent.Executors$RunnableAdapter.call(Executors.java:515)
at java.base/java.util.concurrent.FutureTask.run(FutureTask.java:264)
at java.base/java.util.concurrent.ThreadPoolExecutor.runWorker(ThreadPoolExecutor.java:1128)
at java.base/java.util.concurrent.ThreadPoolExecutor$Worker.run(ThreadPoolExecutor.java:628)
at java.base/java.lang.Thread.run(Thread.java:830)
]]>
    </failure>
  </testcase> <!-- AttendanceButtonListdotsButtonforUpcomingCourseRun -->
  <system-out/>
  <testcase classname="com.tms.tests.DashboardPageTest" name="EditButtonListdotsButtonforUpcomingCourseRun" time="43.814"/>
  <system-out/>
</testsuite> <!-- com.tms.tests.DashboardPageTest -->
