<?xml version="1.0" encoding="UTF-8"?>
<!-- Generated by org.testng.reporters.JUnitReportReporter -->
<testsuite hostname="AndroidPC" failures="0" tests="2" name="com.tms.tests.CourseSoftBookingsPageTest" time="68.270" errors="0" timestamp="2021-08-02T19:03:24 IST" skipped="0">
  <testcase classname="com.tms.tests.CourseSoftBookingsPageTest" name="AddnewCourseSoftBookingsRecordTest" time="34.564"/>
  <system-out/>
  <testcase classname="com.tms.tests.CourseSoftBookingsPageTest" name="EditCourseSoftBookingsRecordTest" time="33.706"/>
  <system-out/>
</testsuite> <!-- com.tms.tests.CourseSoftBookingsPageTest -->
